Arguments: 
  /usr/local/Cellar/node/16.4.0/bin/node /usr/local/bin/yarn add apollo-sever gaphql

PATH: 
  /usr/local/opt/mongodb-community@4.2/bin:/usr/local/bin:/usr/bin:/bin:/usr/sbin:/sbin:/Library/Apple/usr/bin:/Users/jamesji/Library/Android/sdk/platform-tools:/usr/local/opt/mongodb-community@4.2/bin

Yarn version: 
  1.22.11

Node version: 
  16.4.0

Platform: 
  darwin x64

Trace: 
  Error: https://registry.yarnpkg.com/apollo-sever: Not found
      at Request.params.callback [as _callback] (/usr/local/lib/node_modules/yarn/lib/cli.js:66992:18)
      at Request.self.callback (/usr/local/lib/node_modules/yarn/lib/cli.js:140763:22)
      at Request.emit (node:events:394:28)
      at Request.<anonymous> (/usr/local/lib/node_modules/yarn/lib/cli.js:141735:10)
      at Request.emit (node:events:394:28)
      at IncomingMessage.<anonymous> (/usr/local/lib/node_modules/yarn/lib/cli.js:141657:12)
      at Object.onceWrapper (node:events:513:28)
      at IncomingMessage.emit (node:events:406:35)
      at endReadableNT (node:internal/streams/readable:1329:12)
      at processTicksAndRejections (node:internal/process/task_queues:83:21)

npm manifest: 
  {
    "name": "pokeapi-graphql-wrapper",
    "version": "1.0.0",
    "main": "index.js",
    "license": "MIT"
  }

yarn manifest: 
  No manifest

Lockfile: 
  No lockfile
